[INFO  - 2016-06-22T15:45:02.963Z] GhostDriver - Main - running on port 20145
[INFO  - 2016-06-22T15:45:03.712Z] Session [4944cab0-3890-11e6-a010-051f60e950d5] - page.settings - {"XSSAuditingEnabled":false,"javascriptCanCloseWindows":true,"javascriptCanOpenWindows":true,"javascriptEnabled":true,"loadImages":true,"localToRemoteUrlAccessEnabled":false,"userAgent":"Mozilla/5.0 (Windows NT 6.2; WOW64) AppleWebKit/538.1 (KHTML, like Gecko) PhantomJS/2.1.1 Safari/538.1","webSecurityEnabled":false}
[INFO  - 2016-06-22T15:45:03.713Z] Session [4944cab0-3890-11e6-a010-051f60e950d5] - page.customHeaders:  - {}
[INFO  - 2016-06-22T15:45:03.713Z] Session [4944cab0-3890-11e6-a010-051f60e950d5] - Session.negotiatedCapabilities - {"browserName":"phantomjs","version":"2.1.1","driverName":"ghostdriver","driverVersion":"1.2.0","platform":"windows-8-32bit","javascriptEnabled":true,"takesScreenshot":true,"handlesAlerts":false,"databaseEnabled":false,"locationContextEnabled":false,"applicationCacheEnabled":false,"browserConnectionEnabled":false,"cssSelectorsEnabled":true,"webStorageEnabled":false,"rotatable":false,"acceptSslCerts":false,"nativeEvents":true,"proxy":{"proxyType":"direct"}}
[INFO  - 2016-06-22T15:45:03.713Z] SessionManagerReqHand - _postNewSessionCommand - New Session Created: 4944cab0-3890-11e6-a010-051f60e950d5
[ERROR - 2016-06-22T15:45:04.625Z] Session [4944cab0-3890-11e6-a010-051f60e950d5] - page.onError - msg: TypeError: undefined is not a constructor (evaluating 'jQuery110203278318082448095_1466610303955')
[ERROR - 2016-06-22T15:45:04.625Z] Session [4944cab0-3890-11e6-a010-051f60e950d5] - page.onError - stack:
  global code (https://sp0.baidu.com/5a1Fazu8AA54nxGko9WTAnF6hhy/su?wd=p&json=1&p=3&sid=1442_20318_20368_17944_20389_19690_20417_18559_17001_15014_11703&csor=1&cb=jQuery110203278318082448095_1466610303955&_=1466610303957:1)
[ERROR - 2016-06-22T15:45:04.630Z] Session [4944cab0-3890-11e6-a010-051f60e950d5] - page.onError - msg: TypeError: undefined is not a constructor (evaluating 'jQuery110203278318082448095_1466610303955')
[ERROR - 2016-06-22T15:45:04.631Z] Session [4944cab0-3890-11e6-a010-051f60e950d5] - page.onError - stack:
  global code (https://sp0.baidu.com/5a1Fazu8AA54nxGko9WTAnF6hhy/su?wd=phoen&json=1&p=3&sid=1442_20318_20368_17944_20389_19690_20417_18559_17001_15014_11703&csor=5&pwd=phoe&cb=jQuery110203278318082448095_1466610303955&_=1466610303961:1)
[ERROR - 2016-06-22T15:45:04.632Z] Session [4944cab0-3890-11e6-a010-051f60e950d5] - page.onError - msg: TypeError: undefined is not a constructor (evaluating 'jQuery110203278318082448095_1466610303955')
[ERROR - 2016-06-22T15:45:04.632Z] Session [4944cab0-3890-11e6-a010-051f60e950d5] - page.onError - stack:
  global code (https://sp0.baidu.com/5a1Fazu8AA54nxGko9WTAnF6hhy/su?wd=pho&json=1&p=3&sid=1442_20318_20368_17944_20389_19690_20417_18559_17001_15014_11703&csor=3&pwd=ph&cb=jQuery110203278318082448095_1466610303955&_=1466610303959:1)
[ERROR - 2016-06-22T15:45:04.633Z] Session [4944cab0-3890-11e6-a010-051f60e950d5] - page.onError - msg: TypeError: undefined is not a constructor (evaluating 'jQuery110203278318082448095_1466610303955')
[ERROR - 2016-06-22T15:45:04.634Z] Session [4944cab0-3890-11e6-a010-051f60e950d5] - page.onError - stack:
  global code (https://sp0.baidu.com/5a1Fazu8AA54nxGko9WTAnF6hhy/su?wd=phoe&json=1&p=3&sid=1442_20318_20368_17944_20389_19690_20417_18559_17001_15014_11703&csor=4&pwd=pho&cb=jQuery110203278318082448095_1466610303955&_=1466610303960:1)
[ERROR - 2016-06-22T15:45:04.648Z] Session [4944cab0-3890-11e6-a010-051f60e950d5] - page.onError - msg: TypeError: undefined is not a constructor (evaluating 'jQuery110203278318082448095_1466610303955')
[ERROR - 2016-06-22T15:45:04.648Z] Session [4944cab0-3890-11e6-a010-051f60e950d5] - page.onError - stack:
  global code (https://sp0.baidu.com/5a1Fazu8AA54nxGko9WTAnF6hhy/su?wd=ph&json=1&p=3&sid=1442_20318_20368_17944_20389_19690_20417_18559_17001_15014_11703&csor=2&pwd=p&cb=jQuery110203278318082448095_1466610303955&_=1466610303958:1)
[ERROR - 2016-06-22T15:45:04.649Z] Session [4944cab0-3890-11e6-a010-051f60e950d5] - page.onError - msg: TypeError: undefined is not a constructor (evaluating 'jQuery110203278318082448095_1466610303955')
[ERROR - 2016-06-22T15:45:04.649Z] Session [4944cab0-3890-11e6-a010-051f60e950d5] - page.onError - stack:
  global code (https://sp0.baidu.com/5a1Fazu8AA54nxGko9WTAnF6hhy/su?wd=phoeni&json=1&p=3&sid=1442_20318_20368_17944_20389_19690_20417_18559_17001_15014_11703&csor=6&pwd=phoen&cb=jQuery110203278318082448095_1466610303955&_=1466610303962:1)
[ERROR - 2016-06-22T15:45:04.657Z] Session [4944cab0-3890-11e6-a010-051f60e950d5] - page.onError - msg: TypeError: undefined is not a constructor (evaluating 'jQuery110203278318082448095_1466610303955')
[ERROR - 2016-06-22T15:45:04.657Z] Session [4944cab0-3890-11e6-a010-051f60e950d5] - page.onError - stack:
  global code (https://sp0.baidu.com/5a1Fazu8AA54nxGko9WTAnF6hhy/su?wd=phoenixfr&json=1&p=3&sid=1442_20318_20368_17944_20389_19690_20417_18559_17001_15014_11703&csor=9&pwd=phoenixf&cb=jQuery110203278318082448095_1466610303955&_=1466610303965:1)
[ERROR - 2016-06-22T15:45:04.658Z] Session [4944cab0-3890-11e6-a010-051f60e950d5] - page.onError - msg: TypeError: undefined is not a constructor (evaluating 'jQuery110203278318082448095_1466610303955')
[ERROR - 2016-06-22T15:45:04.658Z] Session [4944cab0-3890-11e6-a010-051f60e950d5] - page.onError - stack:
  global code (https://sp0.baidu.com/5a1Fazu8AA54nxGko9WTAnF6hhy/su?wd=phoenix&json=1&p=3&sid=1442_20318_20368_17944_20389_19690_20417_18559_17001_15014_11703&csor=7&pwd=phoeni&cb=jQuery110203278318082448095_1466610303955&_=1466610303963:1)
[ERROR - 2016-06-22T15:45:04.659Z] Session [4944cab0-3890-11e6-a010-051f60e950d5] - page.onError - msg: TypeError: undefined is not a constructor (evaluating 'jQuery110203278318082448095_1466610303955')
[ERROR - 2016-06-22T15:45:04.660Z] Session [4944cab0-3890-11e6-a010-051f60e950d5] - page.onError - stack:
  global code (https://sp0.baidu.com/5a1Fazu8AA54nxGko9WTAnF6hhy/su?wd=phoenixf&json=1&p=3&sid=1442_20318_20368_17944_20389_19690_20417_18559_17001_15014_11703&csor=8&pwd=phoenix&cb=jQuery110203278318082448095_1466610303955&_=1466610303964:1)
[INFO  - 2016-06-22T15:45:05.686Z] ShutdownReqHand - _handle - About to shutdown
[INFO  - 2016-06-22T15:46:35.140Z] GhostDriver - Main - running on port 22365
[INFO  - 2016-06-22T15:46:35.833Z] Session [802d5740-3890-11e6-bdd1-0384ea30c9f2] - page.settings - {"XSSAuditingEnabled":false,"javascriptCanCloseWindows":true,"javascriptCanOpenWindows":true,"javascriptEnabled":true,"loadImages":true,"localToRemoteUrlAccessEnabled":false,"userAgent":"Mozilla/5.0 (Windows NT 6.2; WOW64) AppleWebKit/538.1 (KHTML, like Gecko) PhantomJS/2.1.1 Safari/538.1","webSecurityEnabled":false}
[INFO  - 2016-06-22T15:46:35.833Z] Session [802d5740-3890-11e6-bdd1-0384ea30c9f2] - page.customHeaders:  - {}
[INFO  - 2016-06-22T15:46:35.834Z] Session [802d5740-3890-11e6-bdd1-0384ea30c9f2] - Session.negotiatedCapabilities - {"browserName":"phantomjs","version":"2.1.1","driverName":"ghostdriver","driverVersion":"1.2.0","platform":"windows-8-32bit","javascriptEnabled":true,"takesScreenshot":true,"handlesAlerts":false,"databaseEnabled":false,"locationContextEnabled":false,"applicationCacheEnabled":false,"browserConnectionEnabled":false,"cssSelectorsEnabled":true,"webStorageEnabled":false,"rotatable":false,"acceptSslCerts":false,"nativeEvents":true,"proxy":{"proxyType":"direct"}}
[INFO  - 2016-06-22T15:46:35.834Z] SessionManagerReqHand - _postNewSessionCommand - New Session Created: 802d5740-3890-11e6-bdd1-0384ea30c9f2
[ERROR - 2016-06-22T15:46:37.041Z] Session [802d5740-3890-11e6-bdd1-0384ea30c9f2] - page.onError - msg: TypeError: undefined is not a constructor (evaluating 'jQuery11020841904187342152_1466610396087')
[ERROR - 2016-06-22T15:46:37.041Z] Session [802d5740-3890-11e6-bdd1-0384ea30c9f2] - page.onError - stack:
  global code (https://sp0.baidu.com/5a1Fazu8AA54nxGko9WTAnF6hhy/su?wd=p&json=1&p=3&sid=20144_1465_18201_20318_18241_20368_17944_20388_19689_20417_18559_15925_11596&csor=1&cb=jQuery11020841904187342152_1466610396087&_=1466610396089:1)
[ERROR - 2016-06-22T15:46:37.042Z] Session [802d5740-3890-11e6-bdd1-0384ea30c9f2] - page.onError - msg: TypeError: undefined is not a constructor (evaluating 'jQuery11020841904187342152_1466610396087')
[ERROR - 2016-06-22T15:46:37.042Z] Session [802d5740-3890-11e6-bdd1-0384ea30c9f2] - page.onError - stack:
  global code (https://sp0.baidu.com/5a1Fazu8AA54nxGko9WTAnF6hhy/su?wd=ph&json=1&p=3&sid=20144_1465_18201_20318_18241_20368_17944_20388_19689_20417_18559_15925_11596&csor=2&pwd=p&cb=jQuery11020841904187342152_1466610396087&_=1466610396090:1)
[ERROR - 2016-06-22T15:46:37.043Z] Session [802d5740-3890-11e6-bdd1-0384ea30c9f2] - page.onError - msg: TypeError: undefined is not a constructor (evaluating 'jQuery11020841904187342152_1466610396087')
[ERROR - 2016-06-22T15:46:37.043Z] Session [802d5740-3890-11e6-bdd1-0384ea30c9f2] - page.onError - stack:
  global code (https://sp0.baidu.com/5a1Fazu8AA54nxGko9WTAnF6hhy/su?wd=phoe&json=1&p=3&sid=20144_1465_18201_20318_18241_20368_17944_20388_19689_20417_18559_15925_11596&csor=4&pwd=pho&cb=jQuery11020841904187342152_1466610396087&_=1466610396092:1)
[ERROR - 2016-06-22T15:46:37.043Z] Session [802d5740-3890-11e6-bdd1-0384ea30c9f2] - page.onError - msg: TypeError: undefined is not a constructor (evaluating 'jQuery11020841904187342152_1466610396087')
[ERROR - 2016-06-22T15:46:37.043Z] Session [802d5740-3890-11e6-bdd1-0384ea30c9f2] - page.onError - stack:
  global code (https://sp0.baidu.com/5a1Fazu8AA54nxGko9WTAnF6hhy/su?wd=phoen&json=1&p=3&sid=20144_1465_18201_20318_18241_20368_17944_20388_19689_20417_18559_15925_11596&csor=5&pwd=phoe&cb=jQuery11020841904187342152_1466610396087&_=1466610396093:1)
[ERROR - 2016-06-22T15:46:37.044Z] Session [802d5740-3890-11e6-bdd1-0384ea30c9f2] - page.onError - msg: TypeError: undefined is not a constructor (evaluating 'jQuery11020841904187342152_1466610396087')
[ERROR - 2016-06-22T15:46:37.044Z] Session [802d5740-3890-11e6-bdd1-0384ea30c9f2] - page.onError - stack:
  global code (https://sp0.baidu.com/5a1Fazu8AA54nxGko9WTAnF6hhy/su?wd=pho&json=1&p=3&sid=20144_1465_18201_20318_18241_20368_17944_20388_19689_20417_18559_15925_11596&csor=3&pwd=ph&cb=jQuery11020841904187342152_1466610396087&_=1466610396091:1)
[ERROR - 2016-06-22T15:46:37.045Z] Session [802d5740-3890-11e6-bdd1-0384ea30c9f2] - page.onError - msg: TypeError: undefined is not a constructor (evaluating 'jQuery11020841904187342152_1466610396087')
[ERROR - 2016-06-22T15:46:37.045Z] Session [802d5740-3890-11e6-bdd1-0384ea30c9f2] - page.onError - stack:
  global code (https://sp0.baidu.com/5a1Fazu8AA54nxGko9WTAnF6hhy/su?wd=phoeni&json=1&p=3&sid=20144_1465_18201_20318_18241_20368_17944_20388_19689_20417_18559_15925_11596&csor=6&pwd=phoen&cb=jQuery11020841904187342152_1466610396087&_=1466610396094:1)
[ERROR - 2016-06-22T15:46:37.049Z] Session [802d5740-3890-11e6-bdd1-0384ea30c9f2] - page.onError - msg: TypeError: undefined is not a constructor (evaluating 'jQuery11020841904187342152_1466610396087')
[ERROR - 2016-06-22T15:46:37.049Z] Session [802d5740-3890-11e6-bdd1-0384ea30c9f2] - page.onError - stack:
  global code (https://sp0.baidu.com/5a1Fazu8AA54nxGko9WTAnF6hhy/su?wd=phoenixfr&json=1&p=3&sid=20144_1465_18201_20318_18241_20368_17944_20388_19689_20417_18559_15925_11596&csor=9&pwd=phoenixf&cb=jQuery11020841904187342152_1466610396087&_=1466610396097:1)
[ERROR - 2016-06-22T15:46:37.051Z] Session [802d5740-3890-11e6-bdd1-0384ea30c9f2] - page.onError - msg: TypeError: undefined is not a constructor (evaluating 'jQuery11020841904187342152_1466610396087')
[ERROR - 2016-06-22T15:46:37.051Z] Session [802d5740-3890-11e6-bdd1-0384ea30c9f2] - page.onError - stack:
  global code (https://sp0.baidu.com/5a1Fazu8AA54nxGko9WTAnF6hhy/su?wd=phoenixf&json=1&p=3&sid=20144_1465_18201_20318_18241_20368_17944_20388_19689_20417_18559_15925_11596&csor=8&pwd=phoenix&cb=jQuery11020841904187342152_1466610396087&_=1466610396096:1)
[ERROR - 2016-06-22T15:46:37.054Z] Session [802d5740-3890-11e6-bdd1-0384ea30c9f2] - page.onError - msg: TypeError: undefined is not a constructor (evaluating 'jQuery11020841904187342152_1466610396087')
[ERROR - 2016-06-22T15:46:37.054Z] Session [802d5740-3890-11e6-bdd1-0384ea30c9f2] - page.onError - stack:
  global code (https://sp0.baidu.com/5a1Fazu8AA54nxGko9WTAnF6hhy/su?wd=phoenix&json=1&p=3&sid=20144_1465_18201_20318_18241_20368_17944_20388_19689_20417_18559_15925_11596&csor=7&pwd=phoeni&cb=jQuery11020841904187342152_1466610396087&_=1466610396095:1)
[INFO  - 2016-06-22T15:46:38.067Z] ShutdownReqHand - _handle - About to shutdown
